d:\console\piotec\new\datadecryption-v6\datadecryption\x64\debug\datadecryption.pch
d:\console\piotec\new\datadecryption-v6\datadecryption\x64\debug\vc143.pdb
d:\console\piotec\new\datadecryption-v6\datadecryption\x64\debug\vc143.idb
d:\console\piotec\new\datadecryption-v6\datadecryption\x64\debug\pch.obj
d:\console\piotec\new\datadecryption-v6\datadecryption\x64\debug\aes_enc_dec.obj
d:\console\piotec\new\datadecryption-v6\datadecryption\x64\debug\datadecryption.obj
d:\console\piotec\new\datadecryption-v6\datadecryption\x64\debug\config_parser.obj
d:\console\piotec\new\datadecryption-v6\datadecryption\x64\debug\dllmain.obj
d:\console\piotec\new\datadecryption-v6\x64\debug\fmtd.dll
d:\console\piotec\new\datadecryption-v6\x64\debug\libcrypto-3-x64.dll
d:\console\piotec\new\datadecryption-v6\x64\debug\libcurl-d.dll
d:\console\piotec\new\datadecryption-v6\x64\debug\zlibd1.dll
d:\console\piotec\new\datadecryption-v6\datadecryption\x64\debug\datadecryption.ilk
d:\console\piotec\new\datadecryption-v6\x64\debug\datadecryption.dll
d:\console\piotec\new\datadecryption-v6\x64\debug\datadecryption.pdb
d:\console\piotec\new\datadecryption-v6\x64\debug\datadecryption.lib
d:\console\piotec\new\datadecryption-v6\x64\debug\datadecryption.exp
d:\console\piotec\new\datadecryption-v6\datadecryption\x64\debug\resource.res
d:\console\piotec\new\datadecryption-v6\datadecryption\x64\debug\datadecryption.tlog\cl.command.1.tlog
d:\console\piotec\new\datadecryption-v6\datadecryption\x64\debug\datadecryption.tlog\cl.items.tlog
d:\console\piotec\new\datadecryption-v6\datadecryption\x64\debug\datadecryption.tlog\cl.read.1.tlog
d:\console\piotec\new\datadecryption-v6\datadecryption\x64\debug\datadecryption.tlog\cl.write.1.tlog
d:\console\piotec\new\datadecryption-v6\datadecryption\x64\debug\datadecryption.tlog\datadecryption.write.1u.tlog
d:\console\piotec\new\datadecryption-v6\datadecryption\x64\debug\datadecryption.tlog\link.command.1.tlog
d:\console\piotec\new\datadecryption-v6\datadecryption\x64\debug\datadecryption.tlog\link.read.1.tlog
d:\console\piotec\new\datadecryption-v6\datadecryption\x64\debug\datadecryption.tlog\link.write.1.tlog
d:\console\piotec\new\datadecryption-v6\datadecryption\x64\debug\datadecryption.tlog\link.write.2u.tlog
d:\console\piotec\new\datadecryption-v6\datadecryption\x64\debug\datadecryption.tlog\rc.command.1.tlog
d:\console\piotec\new\datadecryption-v6\datadecryption\x64\debug\datadecryption.tlog\rc.read.1.tlog
d:\console\piotec\new\datadecryption-v6\datadecryption\x64\debug\datadecryption.tlog\rc.write.1.tlog
