c:\users\hamza.qureshi\desktop\git\datadecryption-v6\datadecryption\debug\datadecryption_7.pch
c:\users\hamza.qureshi\desktop\git\datadecryption-v6\datadecryption\debug\vc143.pdb
c:\users\hamza.qureshi\desktop\git\datadecryption-v6\datadecryption\debug\vc143.idb
c:\users\hamza.qureshi\desktop\git\datadecryption-v6\datadecryption\debug\pch.obj
c:\users\hamza.qureshi\desktop\git\datadecryption-v6\datadecryption\debug\aes_enc_dec.obj
c:\users\hamza.qureshi\desktop\git\datadecryption-v6\datadecryption\debug\datadecryption.obj
c:\users\hamza.qureshi\desktop\git\datadecryption-v6\datadecryption\debug\config_parser.obj
c:\users\hamza.qureshi\desktop\git\datadecryption-v6\datadecryption\debug\dllmain.obj
c:\users\hamza.qureshi\desktop\git\datadecryption-v6\debug\fmtd.dll
c:\users\hamza.qureshi\desktop\git\datadecryption-v6\debug\libcrypto-3.dll
c:\users\hamza.qureshi\desktop\git\datadecryption-v6\debug\libcurl-d.dll
c:\users\hamza.qureshi\desktop\git\datadecryption-v6\debug\zlibd1.dll
c:\users\hamza.qureshi\desktop\git\datadecryption-v6\debug\datadecryption_7.dll
c:\users\hamza.qureshi\desktop\git\datadecryption-v6\debug\datadecryption_7.pdb
c:\users\hamza.qureshi\desktop\git\datadecryption-v6\datadecryption\debug\resource.res
c:\users\hamza.qureshi\desktop\git\datadecryption-v6\debug\datadecryption_7.lib
c:\users\hamza.qureshi\desktop\git\datadecryption-v6\debug\datadecryption_7.exp
c:\users\hamza.qureshi\desktop\git\datadecryption-v6\datadecryption\debug\datadecryption_7.ilk
d:\console\piotec\datadecryption-v7\datadecryption\debug\aes_enc_dec.obj
d:\console\piotec\datadecryption-v7\datadecryption\debug\config_parser.obj
d:\console\piotec\datadecryption-v7\datadecryption\debug\datadecryption.obj
d:\console\piotec\datadecryption-v7\datadecryption\debug\dllmain.obj
d:\console\piotec\datadecryption-v7\datadecryption\debug\pch.obj
d:\console\piotec\datadecryption-v7\datadecryption\debug\datadecryption_7.ilk
d:\console\piotec\datadecryption-v7\datadecryption\debug\resource.res
d:\console\piotec\datadecryption-v7\datadecryption\debug\datadecryption_7.pch
d:\console\piotec\datadecryption-v7\datadecryption\debug\vc143.idb
d:\console\piotec\datadecryption-v7\datadecryption\debug\vc143.pdb
d:\console\piotec\datadecryption-v7\debug\datadecryption_7.pdb
d:\console\piotec\datadecryption-v7\debug\datadecryption_7.dll
d:\console\piotec\datadecryption-v7\datadecryption\debug\datadecryption_7.tlog\cl.command.1.tlog
d:\console\piotec\datadecryption-v7\datadecryption\debug\datadecryption_7.tlog\cl.items.tlog
d:\console\piotec\datadecryption-v7\datadecryption\debug\datadecryption_7.tlog\cl.read.1.tlog
d:\console\piotec\datadecryption-v7\datadecryption\debug\datadecryption_7.tlog\cl.write.1.tlog
d:\console\piotec\datadecryption-v7\datadecryption\debug\datadecryption_7.tlog\datadecryption_7.write.1u.tlog
d:\console\piotec\datadecryption-v7\datadecryption\debug\datadecryption_7.tlog\link.command.1.tlog
d:\console\piotec\datadecryption-v7\datadecryption\debug\datadecryption_7.tlog\link.read.1.tlog
d:\console\piotec\datadecryption-v7\datadecryption\debug\datadecryption_7.tlog\link.secondary.1.tlog
d:\console\piotec\datadecryption-v7\datadecryption\debug\datadecryption_7.tlog\link.write.1.tlog
d:\console\piotec\datadecryption-v7\datadecryption\debug\datadecryption_7.tlog\rc.command.1.tlog
d:\console\piotec\datadecryption-v7\datadecryption\debug\datadecryption_7.tlog\rc.read.1.tlog
d:\console\piotec\datadecryption-v7\datadecryption\debug\datadecryption_7.tlog\rc.write.1.tlog
