c:\users\hamza.qureshi\desktop\git\datadecryption-v6\datadecryption\debug\datadecryption.pch
c:\users\hamza.qureshi\desktop\git\datadecryption-v6\datadecryption\debug\vc143.pdb
c:\users\hamza.qureshi\desktop\git\datadecryption-v6\datadecryption\debug\vc143.idb
c:\users\hamza.qureshi\desktop\git\datadecryption-v6\datadecryption\debug\pch.obj
c:\users\hamza.qureshi\desktop\git\datadecryption-v6\datadecryption\debug\aes_enc_dec.obj
c:\users\hamza.qureshi\desktop\git\datadecryption-v6\datadecryption\debug\datadecryption.obj
c:\users\hamza.qureshi\desktop\git\datadecryption-v6\datadecryption\debug\config_parser.obj
c:\users\hamza.qureshi\desktop\git\datadecryption-v6\datadecryption\debug\dllmain.obj
c:\users\hamza.qureshi\desktop\git\datadecryption-v6\debug\fmtd.dll
c:\users\hamza.qureshi\desktop\git\datadecryption-v6\debug\libcrypto-3.dll
c:\users\hamza.qureshi\desktop\git\datadecryption-v6\debug\libcurl-d.dll
c:\users\hamza.qureshi\desktop\git\datadecryption-v6\debug\zlibd1.dll
c:\users\hamza.qureshi\desktop\git\datadecryption-v6\debug\datadecryption.dll
c:\users\hamza.qureshi\desktop\git\datadecryption-v6\debug\datadecryption.pdb
c:\users\hamza.qureshi\desktop\git\datadecryption-v6\datadecryption\debug\resource.res
c:\users\hamza.qureshi\desktop\git\datadecryption-v6\debug\datadecryption.lib
c:\users\hamza.qureshi\desktop\git\datadecryption-v6\debug\datadecryption.exp
c:\users\hamza.qureshi\desktop\git\datadecryption-v6\datadecryption\debug\datadecryption.ilk
c:\users\hamza.qureshi\desktop\git\datadecryption-v6\datadecryption\debug\datadecryption.tlog\cl.command.1.tlog
c:\users\hamza.qureshi\desktop\git\datadecryption-v6\datadecryption\debug\datadecryption.tlog\cl.items.tlog
c:\users\hamza.qureshi\desktop\git\datadecryption-v6\datadecryption\debug\datadecryption.tlog\cl.read.1.tlog
c:\users\hamza.qureshi\desktop\git\datadecryption-v6\datadecryption\debug\datadecryption.tlog\cl.write.1.tlog
c:\users\hamza.qureshi\desktop\git\datadecryption-v6\datadecryption\debug\datadecryption.tlog\datadecryption.write.1u.tlog
c:\users\hamza.qureshi\desktop\git\datadecryption-v6\datadecryption\debug\datadecryption.tlog\link.command.1.tlog
c:\users\hamza.qureshi\desktop\git\datadecryption-v6\datadecryption\debug\datadecryption.tlog\link.read.1.tlog
c:\users\hamza.qureshi\desktop\git\datadecryption-v6\datadecryption\debug\datadecryption.tlog\link.secondary.1.tlog
c:\users\hamza.qureshi\desktop\git\datadecryption-v6\datadecryption\debug\datadecryption.tlog\link.write.1.tlog
c:\users\hamza.qureshi\desktop\git\datadecryption-v6\datadecryption\debug\datadecryption.tlog\rc.command.1.tlog
c:\users\hamza.qureshi\desktop\git\datadecryption-v6\datadecryption\debug\datadecryption.tlog\rc.read.1.tlog
c:\users\hamza.qureshi\desktop\git\datadecryption-v6\datadecryption\debug\datadecryption.tlog\rc.write.1.tlog
