d:\console\piotec\stc-logger-decrypt-v6\datadecryption\release\datadecryption.pch
d:\console\piotec\stc-logger-decrypt-v6\datadecryption\release\vc143.pdb
d:\console\piotec\stc-logger-decrypt-v6\datadecryption\release\pch.obj
d:\console\piotec\stc-logger-decrypt-v6\datadecryption\release\aes_enc_dec.obj
d:\console\piotec\stc-logger-decrypt-v6\datadecryption\release\datadecryption.obj
d:\console\piotec\stc-logger-decrypt-v6\datadecryption\release\config_parser.obj
d:\console\piotec\stc-logger-decrypt-v6\datadecryption\release\dllmain.obj
d:\console\piotec\stc-logger-decrypt-v6\release\fmt.dll
d:\console\piotec\stc-logger-decrypt-v6\release\libcrypto-3.dll
d:\console\piotec\stc-logger-decrypt-v6\release\libcurl.dll
d:\console\piotec\stc-logger-decrypt-v6\release\zlib1.dll
d:\console\piotec\stc-logger-decrypt-v6\release\datadecryption.dll
d:\console\piotec\stc-logger-decrypt-v6\datadecryption\release\datadecryption.ipdb
d:\console\piotec\stc-logger-decrypt-v6\datadecryption\release\datadecryption.iobj
d:\console\piotec\stc-logger-decrypt-v6\release\datadecryption.pdb
d:\console\piotec\stc-logger-decrypt-v6\release\datadecryption.lib
d:\console\piotec\stc-logger-decrypt-v6\release\datadecryption.exp
d:\console\piotec\stc-logger-decrypt-v6\datadecryption\release\resource.res
d:\console\piotec\stc-logger-decrypt-v6\datadecryption\release\datadecryption.tlog\cl.command.1.tlog
d:\console\piotec\stc-logger-decrypt-v6\datadecryption\release\datadecryption.tlog\cl.items.tlog
d:\console\piotec\stc-logger-decrypt-v6\datadecryption\release\datadecryption.tlog\cl.read.1.tlog
d:\console\piotec\stc-logger-decrypt-v6\datadecryption\release\datadecryption.tlog\cl.write.1.tlog
d:\console\piotec\stc-logger-decrypt-v6\datadecryption\release\datadecryption.tlog\datadecryption.write.1u.tlog
d:\console\piotec\stc-logger-decrypt-v6\datadecryption\release\datadecryption.tlog\link.command.1.tlog
d:\console\piotec\stc-logger-decrypt-v6\datadecryption\release\datadecryption.tlog\link.read.1.tlog
d:\console\piotec\stc-logger-decrypt-v6\datadecryption\release\datadecryption.tlog\link.write.1.tlog
d:\console\piotec\stc-logger-decrypt-v6\datadecryption\release\datadecryption.tlog\link.write.2u.tlog
d:\console\piotec\stc-logger-decrypt-v6\datadecryption\release\datadecryption.tlog\rc.command.1.tlog
d:\console\piotec\stc-logger-decrypt-v6\datadecryption\release\datadecryption.tlog\rc.read.1.tlog
d:\console\piotec\stc-logger-decrypt-v6\datadecryption\release\datadecryption.tlog\rc.write.1.tlog
