d:\console\piotec\stc-logger-decrypt - v4 - copy\stc\release\datadecryption.pch
d:\console\piotec\stc-logger-decrypt - v4 - copy\stc\release\vc143.pdb
d:\console\piotec\stc-logger-decrypt - v4 - copy\stc\release\pch.obj
d:\console\piotec\stc-logger-decrypt - v4 - copy\stc\release\aes_enc_dec.obj
d:\console\piotec\stc-logger-decrypt - v4 - copy\stc\release\datadecryption.obj
d:\console\piotec\stc-logger-decrypt - v4 - copy\stc\release\ini_parser.obj
d:\console\piotec\stc-logger-decrypt - v4 - copy\stc\release\dllmain.obj
d:\console\piotec\stc-logger-decrypt - v4 - copy\release\fmt.dll
d:\console\piotec\stc-logger-decrypt - v4 - copy\release\libcrypto-3.dll
d:\console\piotec\stc-logger-decrypt - v4 - copy\release\libcurl.dll
d:\console\piotec\stc-logger-decrypt - v4 - copy\release\zlib1.dll
d:\console\piotec\stc-logger-decrypt - v4 - copy\release\datadecryption.dll
d:\console\piotec\stc-logger-decrypt - v4 - copy\stc\release\datadecryption.ipdb
d:\console\piotec\stc-logger-decrypt - v4 - copy\stc\release\datadecryption.iobj
d:\console\piotec\stc-logger-decrypt - v4 - copy\release\datadecryption.pdb
d:\console\piotec\stc-logger-decrypt - v4 - copy\release\datadecryption.lib
d:\console\piotec\stc-logger-decrypt - v4 - copy\release\datadecryption.exp
d:\console\piotec\stc-logger-decrypt - v4 - copy\stc\release\resource.res
d:\console\piotec\stc-logger-decrypt - v4 - copy\stc\release\datadecryption.tlog\cl.command.1.tlog
d:\console\piotec\stc-logger-decrypt - v4 - copy\stc\release\datadecryption.tlog\cl.items.tlog
d:\console\piotec\stc-logger-decrypt - v4 - copy\stc\release\datadecryption.tlog\cl.read.1.tlog
d:\console\piotec\stc-logger-decrypt - v4 - copy\stc\release\datadecryption.tlog\cl.write.1.tlog
d:\console\piotec\stc-logger-decrypt - v4 - copy\stc\release\datadecryption.tlog\datadecryption.write.1u.tlog
d:\console\piotec\stc-logger-decrypt - v4 - copy\stc\release\datadecryption.tlog\link.command.1.tlog
d:\console\piotec\stc-logger-decrypt - v4 - copy\stc\release\datadecryption.tlog\link.read.1.tlog
d:\console\piotec\stc-logger-decrypt - v4 - copy\stc\release\datadecryption.tlog\link.write.1.tlog
d:\console\piotec\stc-logger-decrypt - v4 - copy\stc\release\datadecryption.tlog\link.write.2u.tlog
d:\console\piotec\stc-logger-decrypt - v4 - copy\stc\release\datadecryption.tlog\rc.command.1.tlog
d:\console\piotec\stc-logger-decrypt - v4 - copy\stc\release\datadecryption.tlog\rc.read.1.tlog
d:\console\piotec\stc-logger-decrypt - v4 - copy\stc\release\datadecryption.tlog\rc.write.1.tlog
